<beans xmlns="http://www.springframework.org/schema/beans"
       xmlns:xsi="http://www.w3.org/2001/XMLSchema-instance"
       xmlns:context="http://www.springframework.org/schema/context"
       xmlns:jpa="http://www.springframework.org/schema/data/jpa"
       xsi:schemaLocation="http://www.springframework.org/schema/beans
                           http://www.springframework.org/schema/beans/spring-beans.xsd
                           http://www.springframework.org/schema/context
                           http://www.springframework.org/schema/context/spring-context.xsd
                           http://www.springframework.org/schema/data/jpa
                           http://www.springframework.org/schema/data/jpa/spring-jpa.xsd"
       profile="test">


    <context:property-placeholder location="classpath:application-test.properties"/>
    <context:component-scan base-package="cnews.controllers" />
    <context:component-scan base-package="cnews.services" />
    <jpa:repositories base-package="cnews.datasource" entity-manager-factory-ref="emf"/>


    <bean id="dataSource" class="org.springframework.jdbc.datasource.DriverManagerDataSource">
        <property name="driverClassName" value="${spring.datasource.driver-class-name}" />
        <property name="url" value="${spring.datasource.url}" />
        <property name="username" value="${spring.datasource.username}" />
        <property name="password" value="${spring.datasource.password}" />
    </bean>
    <bean id="emf"
          class="org.springframework.orm.jpa.LocalContainerEntityManagerFactoryBean">
        <property name="packagesToScan" value="cnews.modals" />
        <property name="dataSource" ref="dataSource"/>
        <property name="jpaProperties">
            <props>
                <prop key="hibernate.show.sql">${spring.jpa.show-sql}</prop>
                <prop key="hibernate.hbm2ddl.auto">${spring.jpa.hibernate.ddl-auto}</prop>
                <prop key="hibernate.dialect">${spring.jpa.database-platform}</prop>
            </props>
        </property>
        <property name="persistenceProvider">
            <bean class="org.hibernate.jpa.HibernatePersistenceProvider"></bean>
        </property>

    </bean>
    <bean id="liquibase" class="liquibase.integration.spring.SpringLiquibase">
        <property name="changeLog" value="${liquibase.change-log}"/>
        <property name="dataSource" ref="dataSource"/>
    </bean>

</beans>